<?xml version="1.0" encoding="UTF-8"?>
<!-- Generated by org.testng.reporters.JUnitXMLReporter -->
<testsuite hostname="ThreadSol-Debdeep.local" name="Test" tests="7" failures="0" timestamp="1 Feb 2020 07:45:25 GMT" time="385.807" errors="0">
  <testcase name="GetpageTitle" time="5.309" classname="com.testcases.LoginpageTestcase"/>
  <testcase name="logintestcases" time="1.841" classname="com.testcases.LoginpageTestcase"/>
  <testcase name="SwagLabpagetestcases" time="69.141" classname="com.testcases.SwagLabPagetestcases"/>
  <testcase name="NextpageinCartpage" time="69.485" classname="com.testcases.CartpageTestcases"/>
  <testcase name="VerifyCheckOutInformation" time="70.006" classname="com.testcases.CheckInformationtestcases"/>
  <testcase name="CheckoutOverviewcases" time="70.53" classname="com.testcases.CheckoutOverviewpagetestcases"/>
  <testcase name="VerifytheFinishpage" time="70.558" classname="com.testcases.Finishtestcases"/>
</testsuite> <!-- Test -->
