<?xml version="1.0" encoding="UTF-8"?>
<testng-results skipped="0" failed="0" total="7" passed="7">
  <reporter-output>
  </reporter-output>
  <suite name="Suite" duration-ms="385807" started-at="2020-02-01T07:38:54Z" finished-at="2020-02-01T07:45:20Z">
    <groups>
    </groups>
    <test name="Test" duration-ms="385807" started-at="2020-02-01T07:38:54Z" finished-at="2020-02-01T07:45:20Z">
      <class name="com.testcases.CartpageTestcases">
        <test-method status="PASS" signature="setup()[pri:0, instance:com.testcases.CartpageTestcases@1dfe2924]" name="setup" is-config="true" duration-ms="3461" started-at="2020-02-01T13:10:24Z" finished-at="2020-02-01T13:10:28Z">
          <reporter-output>
          </reporter-output>
        </test-method> <!-- setup -->
        <test-method status="PASS" signature="NextpageinCartpage(java.lang.String, java.lang.String)[pri:4, instance:com.testcases.CartpageTestcases@1dfe2924]" name="NextpageinCartpage" duration-ms="69485" started-at="2020-02-01T13:10:28Z" data-provider="getarray" finished-at="2020-02-01T13:11:37Z">
          <params>
            <param index="0">
              <value>
                <![CDATA[standard_user]]>
              </value>
            </param>
            <param index="1">
              <value>
                <![CDATA[secret_sauce]]>
              </value>
            </param>
          </params>
          <reporter-output>
          </reporter-output>
        </test-method> <!-- NextpageinCartpage -->
        <test-method status="PASS" signature="teardown()[pri:0, instance:com.testcases.CartpageTestcases@1dfe2924]" name="teardown" is-config="true" duration-ms="152" started-at="2020-02-01T13:11:37Z" finished-at="2020-02-01T13:11:37Z">
          <reporter-output>
          </reporter-output>
        </test-method> <!-- teardown -->
      </class> <!-- com.testcases.CartpageTestcases -->
      <class name="com.testcases.CheckInformationtestcases">
        <test-method status="PASS" signature="setup()[pri:0, instance:com.testcases.CheckInformationtestcases@6ebc05a6]" name="setup" is-config="true" duration-ms="3559" started-at="2020-02-01T13:11:37Z" finished-at="2020-02-01T13:11:41Z">
          <reporter-output>
          </reporter-output>
        </test-method> <!-- setup -->
        <test-method status="PASS" signature="VerifyCheckOutInformation(java.lang.String, java.lang.String)[pri:5, instance:com.testcases.CheckInformationtestcases@6ebc05a6]" name="VerifyCheckOutInformation" duration-ms="70006" started-at="2020-02-01T13:11:41Z" data-provider="getarray" finished-at="2020-02-01T13:12:51Z">
          <params>
            <param index="0">
              <value>
                <![CDATA[standard_user]]>
              </value>
            </param>
            <param index="1">
              <value>
                <![CDATA[secret_sauce]]>
              </value>
            </param>
          </params>
          <reporter-output>
          </reporter-output>
        </test-method> <!-- VerifyCheckOutInformation -->
        <test-method status="PASS" signature="teardown()[pri:0, instance:com.testcases.CheckInformationtestcases@6ebc05a6]" name="teardown" is-config="true" duration-ms="156" started-at="2020-02-01T13:12:51Z" finished-at="2020-02-01T13:12:51Z">
          <reporter-output>
          </reporter-output>
        </test-method> <!-- teardown -->
      </class> <!-- com.testcases.CheckInformationtestcases -->
      <class name="com.testcases.SwagLabPagetestcases">
        <test-method status="PASS" signature="setup()[pri:0, instance:com.testcases.SwagLabPagetestcases@35d176f7]" name="setup" is-config="true" duration-ms="3553" started-at="2020-02-01T13:09:11Z" finished-at="2020-02-01T13:09:15Z">
          <reporter-output>
          </reporter-output>
        </test-method> <!-- setup -->
        <test-method status="PASS" signature="SwagLabpagetestcases(java.lang.String, java.lang.String)[pri:3, instance:com.testcases.SwagLabPagetestcases@35d176f7]" name="SwagLabpagetestcases" duration-ms="69141" started-at="2020-02-01T13:09:15Z" data-provider="getarray" finished-at="2020-02-01T13:10:24Z">
          <params>
            <param index="0">
              <value>
                <![CDATA[standard_user]]>
              </value>
            </param>
            <param index="1">
              <value>
                <![CDATA[secret_sauce]]>
              </value>
            </param>
          </params>
          <reporter-output>
          </reporter-output>
        </test-method> <!-- SwagLabpagetestcases -->
        <test-method status="PASS" signature="teardown()[pri:0, instance:com.testcases.SwagLabPagetestcases@35d176f7]" name="teardown" is-config="true" duration-ms="249" started-at="2020-02-01T13:10:24Z" finished-at="2020-02-01T13:10:24Z">
          <reporter-output>
          </reporter-output>
        </test-method> <!-- teardown -->
      </class> <!-- com.testcases.SwagLabPagetestcases -->
      <class name="com.testcases.CheckoutOverviewpagetestcases">
        <test-method status="PASS" signature="setup()[pri:0, instance:com.testcases.CheckoutOverviewpagetestcases@6e6c3152]" name="setup" is-config="true" duration-ms="3809" started-at="2020-02-01T13:12:51Z" finished-at="2020-02-01T13:12:55Z">
          <reporter-output>
          </reporter-output>
        </test-method> <!-- setup -->
        <test-method status="PASS" signature="CheckoutOverviewcases(java.lang.String, java.lang.String)[pri:6, instance:com.testcases.CheckoutOverviewpagetestcases@6e6c3152]" name="CheckoutOverviewcases" duration-ms="70530" started-at="2020-02-01T13:12:55Z" data-provider="getarray" finished-at="2020-02-01T13:14:06Z">
          <params>
            <param index="0">
              <value>
                <![CDATA[standard_user]]>
              </value>
            </param>
            <param index="1">
              <value>
                <![CDATA[secret_sauce]]>
              </value>
            </param>
          </params>
          <reporter-output>
          </reporter-output>
        </test-method> <!-- CheckoutOverviewcases -->
      </class> <!-- com.testcases.CheckoutOverviewpagetestcases -->
      <class name="com.testcases.LoginpageTestcase">
        <test-method status="PASS" signature="setup()[pri:0, instance:com.testcases.LoginpageTestcase@551aa95a]" name="setup" is-config="true" duration-ms="4571" started-at="2020-02-01T13:08:54Z" finished-at="2020-02-01T13:08:59Z">
          <reporter-output>
          </reporter-output>
        </test-method> <!-- setup -->
        <test-method status="PASS" signature="GetpageTitle()[pri:1, instance:com.testcases.LoginpageTestcase@551aa95a]" name="GetpageTitle" duration-ms="5309" started-at="2020-02-01T13:08:59Z" finished-at="2020-02-01T13:09:04Z">
          <reporter-output>
          </reporter-output>
        </test-method> <!-- GetpageTitle -->
        <test-method status="PASS" signature="teardown()[pri:0, instance:com.testcases.LoginpageTestcase@551aa95a]" name="teardown" is-config="true" duration-ms="164" started-at="2020-02-01T13:09:04Z" finished-at="2020-02-01T13:09:04Z">
          <reporter-output>
          </reporter-output>
        </test-method> <!-- teardown -->
        <test-method status="PASS" signature="setup()[pri:0, instance:com.testcases.LoginpageTestcase@551aa95a]" name="setup" is-config="true" duration-ms="3817" started-at="2020-02-01T13:09:05Z" finished-at="2020-02-01T13:09:09Z">
          <reporter-output>
          </reporter-output>
        </test-method> <!-- setup -->
        <test-method status="PASS" signature="logintestcases(java.lang.String, java.lang.String)[pri:2, instance:com.testcases.LoginpageTestcase@551aa95a]" name="logintestcases" duration-ms="1841" started-at="2020-02-01T13:09:09Z" data-provider="getarray" finished-at="2020-02-01T13:09:11Z">
          <params>
            <param index="0">
              <value>
                <![CDATA[standard_user]]>
              </value>
            </param>
            <param index="1">
              <value>
                <![CDATA[secret_sauce]]>
              </value>
            </param>
          </params>
          <reporter-output>
          </reporter-output>
        </test-method> <!-- logintestcases -->
        <test-method status="PASS" signature="teardown()[pri:0, instance:com.testcases.LoginpageTestcase@551aa95a]" name="teardown" is-config="true" duration-ms="166" started-at="2020-02-01T13:09:11Z" finished-at="2020-02-01T13:09:11Z">
          <reporter-output>
          </reporter-output>
        </test-method> <!-- teardown -->
      </class> <!-- com.testcases.LoginpageTestcase -->
      <class name="com.testcases.Finishtestcases">
        <test-method status="PASS" signature="setup()[pri:0, instance:com.testcases.Finishtestcases@50b494a6]" name="setup" is-config="true" duration-ms="3881" started-at="2020-02-01T13:14:06Z" finished-at="2020-02-01T13:14:09Z">
          <reporter-output>
          </reporter-output>
        </test-method> <!-- setup -->
        <test-method status="PASS" signature="VerifytheFinishpage(java.lang.String, java.lang.String)[pri:7, instance:com.testcases.Finishtestcases@50b494a6]" name="VerifytheFinishpage" duration-ms="70558" started-at="2020-02-01T13:14:09Z" data-provider="getarray" finished-at="2020-02-01T13:15:20Z">
          <params>
            <param index="0">
              <value>
                <![CDATA[standard_user]]>
              </value>
            </param>
            <param index="1">
              <value>
                <![CDATA[secret_sauce]]>
              </value>
            </param>
          </params>
          <reporter-output>
          </reporter-output>
        </test-method> <!-- VerifytheFinishpage -->
        <test-method status="PASS" signature="teardown()[pri:0, instance:com.testcases.Finishtestcases@50b494a6]" name="teardown" is-config="true" duration-ms="186" started-at="2020-02-01T13:15:20Z" finished-at="2020-02-01T13:15:20Z">
          <reporter-output>
          </reporter-output>
        </test-method> <!-- teardown -->
      </class> <!-- com.testcases.Finishtestcases -->
    </test> <!-- Test -->
  </suite> <!-- Suite -->
</testng-results>
